<?xml version="1.0" encoding="UTF-8"?><testrun name="TestRunner" project="Automation" tests="1" started="1" failures="0" errors="1" ignored="0">
  <testsuite name="CucumberOptions.TestRunner" time="0.349">
    <testsuite name="Application Login" time="0.349">
      <testcase name="Home Page Default Login" classname="Application Login" time="0.348">
        <error>io.cucumber.junit.UndefinedStepException: The step 'User Is On Netbanking Landing Page' and 3 other step(s) are undefined.
You can implement these steps using the snippet(s) below:

@Given("User Is On Netbanking Landing Page")
public void user_is_on_netbanking_landing_page() {
    // Write code here that turns the phrase above into concrete actions
    throw new io.cucumber.java.PendingException();
}
@When("User login into application with userName and password")
public void user_login_into_application_with_user_name_and_password() {
    // Write code here that turns the phrase above into concrete actions
    throw new io.cucumber.java.PendingException();
}
@Then("Homepage is populated")
public void homepage_is_populated() {
    // Write code here that turns the phrase above into concrete actions
    throw new io.cucumber.java.PendingException();
}
@Then("Cards are displayed")
public void cards_are_displayed() {
    // Write code here that turns the phrase above into concrete actions
    throw new io.cucumber.java.PendingException();
}
&#13;
&#13;
</error>
      </testcase>
    </testsuite>
  </testsuite>
</testrun>
